<?xml version="1.0" encoding="UTF-8"?>
<testng-results ignored="0" total="1" passed="1" failed="0" skipped="0">
  <reporter-output>
  </reporter-output>
  <suite started-at="2021-11-30T16:21:24 IST" name="Default suite" finished-at="2021-11-30T16:21:34 IST" duration-ms="10003">
    <groups>
    </groups>
    <test started-at="2021-11-30T16:21:24 IST" name="Default test" finished-at="2021-11-30T16:21:34 IST" duration-ms="10003">
      <class name="LoginTest.UserLoginTest">
        <test-method is-config="true" signature="BrowserSetup()[pri:0, instance:LoginTest.UserLoginTest@15b204a1]" started-at="2021-11-30T16:21:24 IST" name="BrowserSetup" finished-at="2021-11-30T16:21:32 IST" duration-ms="7954" status="PASS">
          <reporter-output>
          </reporter-output>
        </test-method> <!-- BrowserSetup -->
        <test-method signature="userLogin()[pri:0, instance:LoginTest.UserLoginTest@15b204a1]" started-at="2021-11-30T16:21:32 IST" name="userLogin" finished-at="2021-11-30T16:21:34 IST" duration-ms="1990" status="PASS">
          <reporter-output>
          </reporter-output>
        </test-method> <!-- userLogin -->
      </class> <!-- LoginTest.UserLoginTest -->
    </test> <!-- Default test -->
  </suite> <!-- Default suite -->
</testng-results>
